# JRE version: 7.0_05-b06
# Java VM: Java HotSpot(TM) Client VM (23.1-b03 mixed mode windows-x86 )
Heap
 def new generation   total 157376K, used 40656K [0x03a80000, 0x0e540000, 0x18fd0000)
  eden space 139904K,  29% used [0x03a80000, 0x06234290, 0x0c320000)
  from space 17472K,   0% used [0x0c320000, 0x0c320000, 0x0d430000)
  to   space 17472K,   0% used [0x0d430000, 0x0d430000, 0x0e540000)
 tenured generation   total 349568K, used 76280K [0x18fd0000, 0x2e530000, 0x43a80000)
   the space 349568K,  21% used [0x18fd0000, 0x1da4e388, 0x1da4e400, 0x2e530000)
 compacting perm gen  total 51968K, used 51825K [0x43a80000, 0x46d40000, 0x53a80000)
   the space 51968K,  99% used [0x43a80000, 0x46d1c420, 0x46d1c600, 0x46d40000)
GC Heap History (10 events):
Event: 7.441 GC heap before
{Heap before GC invocations=5 (full 4):
 def new generation   total 157376K, used 44755K [0x03a80000, 0x0e540000, 0x18fd0000)
  eden space 139904K,  31% used [0x03a80000, 0x06634f80, 0x0c320000)
  from space 17472K,   0% used [0x0c320000, 0x0c320000, 0x0d430000)
  to   space 17472K,   0% used [0x0d430000, 0x0d430000, 0x0e540000)
 tenured generation   total 349568K, used 10961K [0x18fd0000, 0x2e530000, 0x43a80000)
   the space 349568K,   3% used [0x18fd0000, 0x19a844f0, 0x19a84600, 0x2e530000)
 compacting perm gen  total 32768K, used 32767K [0x43a80000, 0x45a80000, 0x53a80000)
   the space 32768K,  99% used [0x43a80000, 0x45a7fff8, 0x45a80000, 0x45a80000)
No shared spaces configured.
Event: 7.627 GC heap after
Heap after GC invocations=6 (full 5):
 def new generation   total 157376K, used 0K [0x03a80000, 0x0e540000, 0x18fd0000)
  eden space 139904K,   0% used [0x03a80000, 0x03a80000, 0x0c320000)
  from space 17472K,   0% used [0x0c320000, 0x0c320000, 0x0d430000)
  to   space 17472K,   0% used [0x0d430000, 0x0d430000, 0x0e540000)
 tenured generation   total 349568K, used 29254K [0x18fd0000, 0x2e530000, 0x43a80000)
   the space 349568K,   8% used [0x18fd0000, 0x1ac61928, 0x1ac61a00, 0x2e530000)
 compacting perm gen  total 32768K, used 32767K [0x43a80000, 0x45a80000, 0x53a80000)
   the space 32768K,  99% used [0x43a80000, 0x45a7fff8, 0x45a80000, 0x45a80000)
No shared spaces configured.
}
Event: 8.583 GC heap before
{Heap before GC invocations=6 (full 5):
 def new generation   total 157376K, used 66826K [0x03a80000, 0x0e540000, 0x18fd0000)
  eden space 139904K,  47% used [0x03a80000, 0x07bc2a30, 0x0c320000)
  from space 17472K,   0% used [0x0c320000, 0x0c320000, 0x0d430000)
  to   space 17472K,   0% used [0x0d430000, 0x0d430000, 0x0e540000)
 tenured generation   total 349568K, used 29254K [0x18fd0000, 0x2e530000, 0x43a80000)
   the space 349568K,   8% used [0x18fd0000, 0x1ac61928, 0x1ac61a00, 0x2e530000)
 compacting perm gen  total 36864K, used 36863K [0x43a80000, 0x45e80000, 0x53a80000)
   the space 36864K,  99% used [0x43a80000, 0x45e7ffd0, 0x45e80000, 0x45e80000)
No shared spaces configured.
Event: 8.823 GC heap after
Heap after GC invocations=7 (full 6):
 def new generation   total 157376K, used 0K [0x03a80000, 0x0e540000, 0x18fd0000)
  eden space 139904K,   0% used [0x03a80000, 0x03a80000, 0x0c320000)
  from space 17472K,   0% used [0x0c320000, 0x0c320000, 0x0d430000)
  to   space 17472K,   0% used [0x0d430000, 0x0d430000, 0x0e540000)
 tenured generation   total 349568K, used 41342K [0x18fd0000, 0x2e530000, 0x43a80000)
   the space 349568K,  11% used [0x18fd0000, 0x1b82fa78, 0x1b82fc00, 0x2e530000)
 compacting perm gen  total 36864K, used 36863K [0x43a80000, 0x45e80000, 0x53a80000)
   the space 36864K,  99% used [0x43a80000, 0x45e7ffd0, 0x45e80000, 0x45e80000)
No shared spaces configured.
}
Event: 9.303 GC heap before
{Heap before GC invocations=7 (full 6):
 def new generation   total 157376K, used 20295K [0x03a80000, 0x0e540000, 0x18fd0000)
  eden space 139904K,  14% used [0x03a80000, 0x04e51e50, 0x0c320000)
  from space 17472K,   0% used [0x0c320000, 0x0c320000, 0x0d430000)
  to   space 17472K,   0% used [0x0d430000, 0x0d430000, 0x0e540000)
 tenured generation   total 349568K, used 41342K [0x18fd0000, 0x2e530000, 0x43a80000)
   the space 349568K,  11% used [0x18fd0000, 0x1b82fa78, 0x1b82fc00, 0x2e530000)
 compacting perm gen  total 40960K, used 40959K [0x43a80000, 0x46280000, 0x53a80000)
   the space 40960K,  99% used [0x43a80000, 0x4627fc80, 0x4627fe00, 0x46280000)
No shared spaces configured.
Event: 9.505 GC heap after
Heap after GC invocations=8 (full 7):
 def new generation   total 157376K, used 0K [0x03a80000, 0x0e540000, 0x18fd0000)
  eden space 139904K,   0% used [0x03a80000, 0x03a80000, 0x0c320000)
  from space 17472K,   0% used [0x0c320000, 0x0c320000, 0x0d430000)
  to   space 17472K,   0% used [0x0d430000, 0x0d430000, 0x0e540000)
 tenured generation   total 349568K, used 46413K [0x18fd0000, 0x2e530000, 0x43a80000)
   the space 349568K,  13% used [0x18fd0000, 0x1bd23598, 0x1bd23600, 0x2e530000)
 compacting perm gen  total 40960K, used 40959K [0x43a80000, 0x46280000, 0x53a80000)
   the space 40960K,  99% used [0x43a80000, 0x4627fc80, 0x4627fe00, 0x46280000)
No shared spaces configured.
}
Event: 10.588 GC heap before
{Heap before GC invocations=8 (full 7):
 def new generation   total 157376K, used 76664K [0x03a80000, 0x0e540000, 0x18fd0000)
  eden space 139904K,  54% used [0x03a80000, 0x0855e380, 0x0c320000)
  from space 17472K,   0% used [0x0c320000, 0x0c320000, 0x0d430000)
  to   space 17472K,   0% used [0x0d430000, 0x0d430000, 0x0e540000)
 tenured generation   total 349568K, used 46413K [0x18fd0000, 0x2e530000, 0x43a80000)
   the space 349568K,  13% used [0x18fd0000, 0x1bd23598, 0x1bd23600, 0x2e530000)
 compacting perm gen  total 45056K, used 45052K [0x43a80000, 0x46680000, 0x53a80000)
   the space 45056K,  99% used [0x43a80000, 0x4667f2e0, 0x4667f400, 0x46680000)
No shared spaces configured.
Event: 10.995 GC heap after
Heap after GC invocations=9 (full 8):
 def new generation   total 157376K, used 0K [0x03a80000, 0x0e540000, 0x18fd0000)
  eden space 139904K,   0% used [0x03a80000, 0x03a80000, 0x0c320000)
  from space 17472K,   0% used [0x0c320000, 0x0c320000, 0x0d430000)
  to   space 17472K,   0% used [0x0d430000, 0x0d430000, 0x0e540000)
 tenured generation   total 349568K, used 64375K [0x18fd0000, 0x2e530000, 0x43a80000)
   the space 349568K,  18% used [0x18fd0000, 0x1ceadcb0, 0x1ceade00, 0x2e530000)
 compacting perm gen  total 45056K, used 45008K [0x43a80000, 0x46680000, 0x53a80000)
   the space 45056K,  99% used [0x43a80000, 0x46674250, 0x46674400, 0x46680000)
No shared spaces configured.
}
Event: 12.264 GC heap before
{Heap before GC invocations=9 (full 8):
 def new generation   total 157376K, used 43632K [0x03a80000, 0x0e540000, 0x18fd0000)
  eden space 139904K,  31% used [0x03a80000, 0x0651c1a8, 0x0c320000)
  from space 17472K,   0% used [0x0c320000, 0x0c320000, 0x0d430000)
  to   space 17472K,   0% used [0x0d430000, 0x0d430000, 0x0e540000)
 tenured generation   total 349568K, used 64375K [0x18fd0000, 0x2e530000, 0x43a80000)
   the space 349568K,  18% used [0x18fd0000, 0x1ceadcb0, 0x1ceade00, 0x2e530000)
 compacting perm gen  total 49152K, used 49151K [0x43a80000, 0x46a80000, 0x53a80000)
   the space 49152K,  99% used [0x43a80000, 0x46a7fe90, 0x46a80000, 0x46a80000)
No shared spaces configured.
Event: 12.607 GC heap after
Heap after GC invocations=10 (full 9):
 def new generation   total 157376K, used 0K [0x03a80000, 0x0e540000, 0x18fd0000)
  eden space 139904K,   0% used [0x03a80000, 0x03a80000, 0x0c320000)
  from space 17472K,   0% used [0x0c320000, 0x0c320000, 0x0d430000)
  to   space 17472K,   0% used [0x0d430000, 0x0d430000, 0x0e540000)
 tenured generation   total 349568K, used 76280K [0x18fd0000, 0x2e530000, 0x43a80000)
   the space 349568K,  21% used [0x18fd0000, 0x1da4e388, 0x1da4e400, 0x2e530000)
 compacting perm gen  total 49152K, used 49151K [0x43a80000, 0x46a80000, 0x53a80000)
   the space 49152K,  99% used [0x43a80000, 0x46a7fe90, 0x46a80000, 0x46a80000)
No shared spaces configured.
}

