# JRE version: 7.0_05-b06
# Java VM: Java HotSpot(TM) Client VM (23.1-b03 mixed mode windows-x86 )
Heap
 def new generation   total 157440K, used 24776K [0x03980000, 0x0e450000, 0x18ed0000)
  eden space 139968K,  17% used [0x03980000, 0x051b2340, 0x0c230000)
  from space 17472K,   0% used [0x0d340000, 0x0d340000, 0x0e450000)
  to   space 17472K,   0% used [0x0c230000, 0x0c230000, 0x0d340000)
 tenured generation   total 349568K, used 52962K [0x18ed0000, 0x2e430000, 0x43980000)
   the space 349568K,  15% used [0x18ed0000, 0x1c288968, 0x1b529400, 0x2e430000)
 compacting perm gen  total 75520K, used 75519K [0x43980000, 0x48340000, 0x53980000)
   the space 75520K,  99% used [0x43980000, 0x4833fff0, 0x474fc400, 0x48340000)
GC Heap History (10 events):
Event: 3167.473 GC heap after
Heap after GC invocations=14 (full 12):
 def new generation   total 157440K, used 0K [0x03980000, 0x0e450000, 0x18ed0000)
  eden space 139968K,   0% used [0x03980000, 0x03980000, 0x0c230000)
  from space 17472K,   0% used [0x0c230000, 0x0c230000, 0x0d340000)
  to   space 17472K,   0% used [0x0d340000, 0x0d340000, 0x0e450000)
 tenured generation   total 349568K, used 38943K [0x18ed0000, 0x2e430000, 0x43980000)
   the space 349568K,  11% used [0x18ed0000, 0x1b4d7f48, 0x1b4d8000, 0x2e430000)
 compacting perm gen  total 61184K, used 61122K [0x43980000, 0x47540000, 0x53980000)
   the space 61184K,  99% used [0x43980000, 0x475309a8, 0x47530a00, 0x47540000)
No shared spaces configured.
}
Event: 3169.414 GC heap before
{Heap before GC invocations=14 (full 12):
 def new generation   total 157440K, used 77622K [0x03980000, 0x0e450000, 0x18ed0000)
  eden space 139968K,  55% used [0x03980000, 0x0854d8a8, 0x0c230000)
  from space 17472K,   0% used [0x0c230000, 0x0c230000, 0x0d340000)
  to   space 17472K,   0% used [0x0d340000, 0x0d340000, 0x0e450000)
 tenured generation   total 349568K, used 38943K [0x18ed0000, 0x2e430000, 0x43980000)
   the space 349568K,  11% used [0x18ed0000, 0x1b4d7f48, 0x1b4d8000, 0x2e430000)
 compacting perm gen  total 65280K, used 65279K [0x43980000, 0x47940000, 0x53980000)
   the space 65280K,  99% used [0x43980000, 0x4793fe08, 0x47940000, 0x47940000)
No shared spaces configured.
Event: 3169.863 GC heap after
Heap after GC invocations=15 (full 13):
 def new generation   total 157440K, used 0K [0x03980000, 0x0e450000, 0x18ed0000)
  eden space 139968K,   0% used [0x03980000, 0x03980000, 0x0c230000)
  from space 17472K,   0% used [0x0c230000, 0x0c230000, 0x0d340000)
  to   space 17472K,   0% used [0x0d340000, 0x0d340000, 0x0e450000)
 tenured generation   total 349568K, used 73956K [0x18ed0000, 0x2e430000, 0x43980000)
   the space 349568K,  21% used [0x18ed0000, 0x1d709360, 0x1d709400, 0x2e430000)
 compacting perm gen  total 65280K, used 65279K [0x43980000, 0x47940000, 0x53980000)
   the space 65280K,  99% used [0x43980000, 0x4793fe08, 0x47940000, 0x47940000)
No shared spaces configured.
}
Event: 3172.308 GC heap before
{Heap before GC invocations=15 (full 13):
 def new generation   total 157440K, used 54288K [0x03980000, 0x0e450000, 0x18ed0000)
  eden space 139968K,  38% used [0x03980000, 0x06e84078, 0x0c230000)
  from space 17472K,   0% used [0x0c230000, 0x0c230000, 0x0d340000)
  to   space 17472K,   0% used [0x0d340000, 0x0d340000, 0x0e450000)
 tenured generation   total 349568K, used 73956K [0x18ed0000, 0x2e430000, 0x43980000)
   the space 349568K,  21% used [0x18ed0000, 0x1d709360, 0x1d709400, 0x2e430000)
 compacting perm gen  total 69376K, used 69375K [0x43980000, 0x47d40000, 0x53980000)
   the space 69376K,  99% used [0x43980000, 0x47d3fdc8, 0x47d3fe00, 0x47d40000)
No shared spaces configured.
Event: 3172.744 GC heap after
Heap after GC invocations=16 (full 14):
 def new generation   total 157440K, used 0K [0x03980000, 0x0e450000, 0x18ed0000)
  eden space 139968K,   0% used [0x03980000, 0x03980000, 0x0c230000)
  from space 17472K,   0% used [0x0c230000, 0x0c230000, 0x0d340000)
  to   space 17472K,   0% used [0x0d340000, 0x0d340000, 0x0e450000)
 tenured generation   total 349568K, used 88455K [0x18ed0000, 0x2e430000, 0x43980000)
   the space 349568K,  25% used [0x18ed0000, 0x1e531db0, 0x1e531e00, 0x2e430000)
 compacting perm gen  total 69376K, used 69375K [0x43980000, 0x47d40000, 0x53980000)
   the space 69376K,  99% used [0x43980000, 0x47d3fdc8, 0x47d3fe00, 0x47d40000)
No shared spaces configured.
}
Event: 4389.138 GC heap before
{Heap before GC invocations=16 (full 14):
 def new generation   total 157440K, used 139968K [0x03980000, 0x0e450000, 0x18ed0000)
  eden space 139968K, 100% used [0x03980000, 0x0c230000, 0x0c230000)
  from space 17472K,   0% used [0x0c230000, 0x0c230000, 0x0d340000)
  to   space 17472K,   0% used [0x0d340000, 0x0d340000, 0x0e450000)
 tenured generation   total 349568K, used 88455K [0x18ed0000, 0x2e430000, 0x43980000)
   the space 349568K,  25% used [0x18ed0000, 0x1e531db0, 0x1e531e00, 0x2e430000)
 compacting perm gen  total 72448K, used 72320K [0x43980000, 0x48040000, 0x53980000)
   the space 72448K,  99% used [0x43980000, 0x48020090, 0x48020200, 0x48040000)
No shared spaces configured.
Event: 4389.182 GC heap after
Heap after GC invocations=17 (full 14):
 def new generation   total 157440K, used 11000K [0x03980000, 0x0e450000, 0x18ed0000)
  eden space 139968K,   0% used [0x03980000, 0x03980000, 0x0c230000)
  from space 17472K,  62% used [0x0d340000, 0x0ddfe1f0, 0x0e450000)
  to   space 17472K,   0% used [0x0c230000, 0x0c230000, 0x0d340000)
 tenured generation   total 349568K, used 88455K [0x18ed0000, 0x2e430000, 0x43980000)
   the space 349568K,  25% used [0x18ed0000, 0x1e531db0, 0x1e531e00, 0x2e430000)
 compacting perm gen  total 72448K, used 72320K [0x43980000, 0x48040000, 0x53980000)
   the space 72448K,  99% used [0x43980000, 0x48020090, 0x48020200, 0x48040000)
No shared spaces configured.
}
Event: 4389.418 GC heap before
{Heap before GC invocations=17 (full 14):
 def new generation   total 157440K, used 24033K [0x03980000, 0x0e450000, 0x18ed0000)
  eden space 139968K,   9% used [0x03980000, 0x0463a408, 0x0c230000)
  from space 17472K,  62% used [0x0d340000, 0x0ddfe1f0, 0x0e450000)
  to   space 17472K,   0% used [0x0c230000, 0x0c230000, 0x0d340000)
 tenured generation   total 349568K, used 88455K [0x18ed0000, 0x2e430000, 0x43980000)
   the space 349568K,  25% used [0x18ed0000, 0x1e531db0, 0x1e531e00, 0x2e430000)
 compacting perm gen  total 73472K, used 73470K [0x43980000, 0x48140000, 0x53980000)
   the space 73472K,  99% used [0x43980000, 0x4813f930, 0x4813fa00, 0x48140000)
No shared spaces configured.
Event: 4389.748 GC heap after
Heap after GC invocations=18 (full 15):
 def new generation   total 157440K, used 0K [0x03980000, 0x0e450000, 0x18ed0000)
  eden space 139968K,   0% used [0x03980000, 0x03980000, 0x0c230000)
  from space 17472K,   0% used [0x0d340000, 0x0d340000, 0x0e450000)
  to   space 17472K,   0% used [0x0c230000, 0x0c230000, 0x0d340000)
 tenured generation   total 349568K, used 52962K [0x18ed0000, 0x2e430000, 0x43980000)
   the space 349568K,  15% used [0x18ed0000, 0x1c288968, 0x1c288a00, 0x2e430000)
 compacting perm gen  total 71424K, used 71259K [0x43980000, 0x47f40000, 0x53980000)
   the space 71424K,  99% used [0x43980000, 0x47f16e90, 0x47f17000, 0x47f40000)
No shared spaces configured.
}
Event: 4390.299 GC heap before
{Heap before GC invocations=18 (full 15):
 def new generation   total 157440K, used 24776K [0x03980000, 0x0e450000, 0x18ed0000)
  eden space 139968K,  17% used [0x03980000, 0x051b2340, 0x0c230000)
  from space 17472K,   0% used [0x0d340000, 0x0d340000, 0x0e450000)
  to   space 17472K,   0% used [0x0c230000, 0x0c230000, 0x0d340000)
 tenured generation   total 349568K, used 52962K [0x18ed0000, 0x2e430000, 0x43980000)
   the space 349568K,  15% used [0x18ed0000, 0x1c288968, 0x1c288a00, 0x2e430000)
 compacting perm gen  total 75520K, used 75519K [0x43980000, 0x48340000, 0x53980000)
   the space 75520K,  99% used [0x43980000, 0x4833fff0, 0x48340000, 0x48340000)
No shared spaces configured.

