# JRE version: 7.0_05-b06
# Java VM: Java HotSpot(TM) Client VM (23.1-b03 mixed mode windows-x86 )
Heap
 def new generation   total 157376K, used 105393K [0x03d00000, 0x0e7c0000, 0x19250000)
  eden space 139904K,  62% used [0x03d00000, 0x092dc7c0, 0x0c5a0000)
  from space 17472K, 100% used [0x0c5a0000, 0x0d6b0000, 0x0d6b0000)
  to   space 17472K,   0% used [0x0d6b0000, 0x0d6b0000, 0x0e7c0000)
 tenured generation   total 349568K, used 133365K [0x19250000, 0x2e7b0000, 0x43d00000)
   the space 349568K,  38% used [0x19250000, 0x2148d520, 0x1f24f800, 0x2e7b0000)
 compacting perm gen  total 65536K, used 65535K [0x43d00000, 0x47d00000, 0x53d00000)
   the space 65536K,  99% used [0x43d00000, 0x47cfff28, 0x47d00000, 0x47d00000)
GC Heap History (10 events):
Event: 16.086 GC heap after
Heap after GC invocations=11 (full 10):
 def new generation   total 157376K, used 0K [0x03d00000, 0x0e7c0000, 0x19250000)
  eden space 139904K,   0% used [0x03d00000, 0x03d00000, 0x0c5a0000)
  from space 17472K,   0% used [0x0c5a0000, 0x0c5a0000, 0x0d6b0000)
  to   space 17472K,   0% used [0x0d6b0000, 0x0d6b0000, 0x0e7c0000)
 tenured generation   total 349568K, used 86135K [0x19250000, 0x2e7b0000, 0x43d00000)
   the space 349568K,  24% used [0x19250000, 0x1e66de80, 0x1e66e000, 0x2e7b0000)
 compacting perm gen  total 53248K, used 53247K [0x43d00000, 0x47100000, 0x53d00000)
   the space 53248K,  99% used [0x43d00000, 0x470fffc0, 0x47100000, 0x47100000)
No shared spaces configured.
}
Event: 17.250 GC heap before
{Heap before GC invocations=11 (full 10):
 def new generation   total 157376K, used 41198K [0x03d00000, 0x0e7c0000, 0x19250000)
  eden space 139904K,  29% used [0x03d00000, 0x0653b818, 0x0c5a0000)
  from space 17472K,   0% used [0x0c5a0000, 0x0c5a0000, 0x0d6b0000)
  to   space 17472K,   0% used [0x0d6b0000, 0x0d6b0000, 0x0e7c0000)
 tenured generation   total 349568K, used 86135K [0x19250000, 0x2e7b0000, 0x43d00000)
   the space 349568K,  24% used [0x19250000, 0x1e66de80, 0x1e66e000, 0x2e7b0000)
 compacting perm gen  total 57344K, used 57344K [0x43d00000, 0x47500000, 0x53d00000)
   the space 57344K, 100% used [0x43d00000, 0x47500000, 0x47500000, 0x47500000)
No shared spaces configured.
Event: 17.617 GC heap after
Heap after GC invocations=12 (full 11):
 def new generation   total 157376K, used 0K [0x03d00000, 0x0e7c0000, 0x19250000)
  eden space 139904K,   0% used [0x03d00000, 0x03d00000, 0x0c5a0000)
  from space 17472K,   0% used [0x0c5a0000, 0x0c5a0000, 0x0d6b0000)
  to   space 17472K,   0% used [0x0d6b0000, 0x0d6b0000, 0x0e7c0000)
 tenured generation   total 349568K, used 91027K [0x19250000, 0x2e7b0000, 0x43d00000)
   the space 349568K,  26% used [0x19250000, 0x1eb34d90, 0x1eb34e00, 0x2e7b0000)
 compacting perm gen  total 57344K, used 57344K [0x43d00000, 0x47500000, 0x53d00000)
   the space 57344K, 100% used [0x43d00000, 0x47500000, 0x47500000, 0x47500000)
No shared spaces configured.
}
Event: 18.274 GC heap before
{Heap before GC invocations=12 (full 11):
 def new generation   total 157376K, used 42891K [0x03d00000, 0x0e7c0000, 0x19250000)
  eden space 139904K,  30% used [0x03d00000, 0x066e2f68, 0x0c5a0000)
  from space 17472K,   0% used [0x0c5a0000, 0x0c5a0000, 0x0d6b0000)
  to   space 17472K,   0% used [0x0d6b0000, 0x0d6b0000, 0x0e7c0000)
 tenured generation   total 349568K, used 91027K [0x19250000, 0x2e7b0000, 0x43d00000)
   the space 349568K,  26% used [0x19250000, 0x1eb34d90, 0x1eb34e00, 0x2e7b0000)
 compacting perm gen  total 61440K, used 61439K [0x43d00000, 0x47900000, 0x53d00000)
   the space 61440K,  99% used [0x43d00000, 0x478fffc8, 0x47900000, 0x47900000)
No shared spaces configured.
Event: 18.765 GC heap after
Heap after GC invocations=13 (full 12):
 def new generation   total 157376K, used 0K [0x03d00000, 0x0e7c0000, 0x19250000)
  eden space 139904K,   0% used [0x03d00000, 0x03d00000, 0x0c5a0000)
  from space 17472K,   0% used [0x0c5a0000, 0x0c5a0000, 0x0d6b0000)
  to   space 17472K,   0% used [0x0d6b0000, 0x0d6b0000, 0x0e7c0000)
 tenured generation   total 349568K, used 74847K [0x19250000, 0x2e7b0000, 0x43d00000)
   the space 349568K,  21% used [0x19250000, 0x1db67f18, 0x1db68000, 0x2e7b0000)
 compacting perm gen  total 61440K, used 61427K [0x43d00000, 0x47900000, 0x53d00000)
   the space 61440K,  99% used [0x43d00000, 0x478fcd58, 0x478fce00, 0x47900000)
No shared spaces configured.
}
Event: 129.563 GC heap before
{Heap before GC invocations=13 (full 12):
 def new generation   total 157376K, used 139904K [0x03d00000, 0x0e7c0000, 0x19250000)
  eden space 139904K, 100% used [0x03d00000, 0x0c5a0000, 0x0c5a0000)
  from space 17472K,   0% used [0x0c5a0000, 0x0c5a0000, 0x0d6b0000)
  to   space 17472K,   0% used [0x0d6b0000, 0x0d6b0000, 0x0e7c0000)
 tenured generation   total 349568K, used 74847K [0x19250000, 0x2e7b0000, 0x43d00000)
   the space 349568K,  21% used [0x19250000, 0x1db67f18, 0x1db68000, 0x2e7b0000)
 compacting perm gen  total 65024K, used 64965K [0x43d00000, 0x47c80000, 0x53d00000)
   the space 65024K,  99% used [0x43d00000, 0x47c717f0, 0x47c71800, 0x47c80000)
No shared spaces configured.
Event: 129.739 GC heap after
Heap after GC invocations=14 (full 12):
 def new generation   total 157376K, used 17472K [0x03d00000, 0x0e7c0000, 0x19250000)
  eden space 139904K,   0% used [0x03d00000, 0x03d00000, 0x0c5a0000)
  from space 17472K, 100% used [0x0d6b0000, 0x0e7c0000, 0x0e7c0000)
  to   space 17472K,   0% used [0x0c5a0000, 0x0c5a0000, 0x0d6b0000)
 tenured generation   total 349568K, used 100673K [0x19250000, 0x2e7b0000, 0x43d00000)
   the space 349568K,  28% used [0x19250000, 0x1f4a04b8, 0x1f4a0600, 0x2e7b0000)
 compacting perm gen  total 65024K, used 64965K [0x43d00000, 0x47c80000, 0x53d00000)
   the space 65024K,  99% used [0x43d00000, 0x47c717f0, 0x47c71800, 0x47c80000)
No shared spaces configured.
}
Event: 242.577 GC heap before
{Heap before GC invocations=14 (full 12):
 def new generation   total 157376K, used 157376K [0x03d00000, 0x0e7c0000, 0x19250000)
  eden space 139904K, 100% used [0x03d00000, 0x0c5a0000, 0x0c5a0000)
  from space 17472K, 100% used [0x0d6b0000, 0x0e7c0000, 0x0e7c0000)
  to   space 17472K,   0% used [0x0c5a0000, 0x0c5a0000, 0x0d6b0000)
 tenured generation   total 349568K, used 100673K [0x19250000, 0x2e7b0000, 0x43d00000)
   the space 349568K,  28% used [0x19250000, 0x1f4a04b8, 0x1f4a0600, 0x2e7b0000)
 compacting perm gen  total 65280K, used 65270K [0x43d00000, 0x47cc0000, 0x53d00000)
   the space 65280K,  99% used [0x43d00000, 0x47cbd8c8, 0x47cbda00, 0x47cc0000)
No shared spaces configured.
Event: 242.823 GC heap after
Heap after GC invocations=15 (full 12):
 def new generation   total 157376K, used 17472K [0x03d00000, 0x0e7c0000, 0x19250000)
  eden space 139904K,   0% used [0x03d00000, 0x03d00000, 0x0c5a0000)
  from space 17472K, 100% used [0x0c5a0000, 0x0d6b0000, 0x0d6b0000)
  to   space 17472K,   0% used [0x0d6b0000, 0x0d6b0000, 0x0e7c0000)
 tenured generation   total 349568K, used 133365K [0x19250000, 0x2e7b0000, 0x43d00000)
   the space 349568K,  38% used [0x19250000, 0x2148d520, 0x2148d600, 0x2e7b0000)
 compacting perm gen  total 65280K, used 65270K [0x43d00000, 0x47cc0000, 0x53d00000)
   the space 65280K,  99% used [0x43d00000, 0x47cbd8c8, 0x47cbda00, 0x47cc0000)
No shared spaces configured.
}
Event: 245.463 GC heap before
{Heap before GC invocations=15 (full 12):
 def new generation   total 157376K, used 105393K [0x03d00000, 0x0e7c0000, 0x19250000)
  eden space 139904K,  62% used [0x03d00000, 0x092dc7c0, 0x0c5a0000)
  from space 17472K, 100% used [0x0c5a0000, 0x0d6b0000, 0x0d6b0000)
  to   space 17472K,   0% used [0x0d6b0000, 0x0d6b0000, 0x0e7c0000)
 tenured generation   total 349568K, used 133365K [0x19250000, 0x2e7b0000, 0x43d00000)
   the space 349568K,  38% used [0x19250000, 0x2148d520, 0x2148d600, 0x2e7b0000)
 compacting perm gen  total 65536K, used 65535K [0x43d00000, 0x47d00000, 0x53d00000)
   the space 65536K,  99% used [0x43d00000, 0x47cfff28, 0x47d00000, 0x47d00000)
No shared spaces configured.

